HBuilder-HelloUniApp/app/build/intermediates/manifest_merge_blame_file/debug/manifest-merger-blame-debug-report.txt
1<?xml version="1.0" encoding="utf-8"?>
2<manifest xmlns:android="http://schemas.android.com/apk/res/android"
3    package="io.dcloud.HelloH5"
4    android:versionCode="1"
5    android:versionName="1.0" >
6
7    <uses-sdk
8        android:minSdkVersion="21"
8-->src\main\AndroidManifest.xml
9        android:targetSdkVersion="26" />
9-->src\main\AndroidManifest.xml
10    <!-- Barcode(二维码)  begin -->
11    <uses-permission android:name="android.permission.CAMERA" />
11-->src\main\AndroidManifest.xml:6:5-65
11-->src\main\AndroidManifest.xml:6:22-62
12    <uses-permission android:name="android.permission.WRITE_EXTERNAL_STORAGE" />
12-->src\main\AndroidManifest.xml:7:5-81
12-->src\main\AndroidManifest.xml:7:22-78
13
14    <uses-feature android:name="android.hardware.camera" />
14-->src\main\AndroidManifest.xml:9:5-60
14-->src\main\AndroidManifest.xml:9:19-57
15    <uses-feature android:name="android.hardware.camera.autofocus" />
15-->src\main\AndroidManifest.xml:10:5-70
15-->src\main\AndroidManifest.xml:10:19-67
16
17    <uses-permission android:name="android.permission.VIBRATE" />
17-->src\main\AndroidManifest.xml:12:5-66
17-->src\main\AndroidManifest.xml:12:22-63
18    <uses-permission android:name="android.permission.FLASHLIGHT" /> <!-- Barcode(二维码)  end -->
18-->src\main\AndroidManifest.xml:13:5-69
18-->src\main\AndroidManifest.xml:13:22-66
19    <uses-permission android:name="android.permission.USE_FINGERPRINT" /> <!-- Maps(地图) begin -->
19-->src\main\AndroidManifest.xml:14:5-74
19-->src\main\AndroidManifest.xml:14:22-71
20    <!-- Maps - 百度地图 begin -->
21    <uses-permission android:name="android.permission.INTERNET" />
21-->src\main\AndroidManifest.xml:16:5-67
21-->src\main\AndroidManifest.xml:16:22-64
22    <uses-permission android:name="android.permission.WRITE_EXTERNAL_STORAGE" />
22-->src\main\AndroidManifest.xml:7:5-81
22-->src\main\AndroidManifest.xml:7:22-78
23    <uses-permission android:name="android.permission.ACCESS_COARSE_LOCATION" />
23-->src\main\AndroidManifest.xml:18:5-81
23-->src\main\AndroidManifest.xml:18:22-78
24    <uses-permission android:name="android.permission.ACCESS_FINE_LOCATION" />
24-->src\main\AndroidManifest.xml:19:5-79
24-->src\main\AndroidManifest.xml:19:22-76
25    <uses-permission android:name="android.permission.WRITE_SETTINGS" />
25-->src\main\AndroidManifest.xml:20:5-73
25-->src\main\AndroidManifest.xml:20:22-70
26    <uses-permission android:name="android.permission.ACCESS_NETWORK_STATE" />
26-->src\main\AndroidManifest.xml:21:5-79
26-->src\main\AndroidManifest.xml:21:22-76
27    <uses-permission android:name="android.permission.CHANGE_WIFI_STATE" />
27-->src\main\AndroidManifest.xml:22:5-76
27-->src\main\AndroidManifest.xml:22:22-73
28    <uses-permission android:name="android.permission.READ_PHONE_STATE" />
28-->src\main\AndroidManifest.xml:23:5-75
28-->src\main\AndroidManifest.xml:23:22-72
29    <uses-permission android:name="android.permission.MOUNT_UNMOUNT_FILESYSTEMS" />
29-->src\main\AndroidManifest.xml:24:5-84
29-->src\main\AndroidManifest.xml:24:22-81
30    <uses-permission android:name="android.permission.READ_LOGS" /> <!-- Maps(地图) end -->
30-->src\main\AndroidManifest.xml:25:5-68
30-->src\main\AndroidManifest.xml:25:22-65
31    <!-- Push(推送)只能选择一个推送组件 -->
32    <!-- Push(推送)-MKeyPush begin -->
33    <!--
34    <uses-permission android:name="android.permission.INTERNET"/>
35    <uses-permission android:name="android.permission.ACCESS_WIFI_STATE"/>
36    <uses-permission android:name="android.permission.ACCESS_NETWORK_STATE"/>
37    <uses-permission android:name="android.permission.READ_PHONE_STATE"/>
38    -->
39    <!-- Push(推送)-MKeyPush  end -->
40    <!-- 小米推送 -->
41    <!--
42    <uses-permission android:name="android.permission.INTERNET"/>
43    <uses-permission android:name="android.permission.ACCESS_NETWORK_STATE"/>
44    <uses-permission android:name="android.permission.ACCESS_WIFI_STATE"/>
45    <uses-permission android:name="android.permission.READ_PHONE_STATE"/>
46    <uses-permission android:name="android.permission.GET_TASKS"/>
47    <uses-permission android:name="android.permission.VIBRATE"/>
48    <uses-permission android:name="android.permission.GET_TASKS"/>
49    <uses-permission android:name="android.permission.INTERACT_ACROSS_USERS_FULL"/>
50    <uses-permission android:name="android.permission.GET_TOP_ACTIVITY_INFO"/>
51    <uses-permission android:name="com.HBuilder.integrate.permission.MIPUSH_RECEIVE"/>
52    <permission android:name="com.HBuilder.integrate.permission.MIPUSH_RECEIVE" android:protectionLevel="signature"/>
53    -->
54    <!-- 小米推送 end -->
55    <!-- Share(分享)  begin -->
56    <!-- Share - 新浪微博分享 -->
57    <uses-permission android:name="android.permission.CHANGE_WIFI_STATE" />
57-->src\main\AndroidManifest.xml:22:5-76
57-->src\main\AndroidManifest.xml:22:22-73
58    <uses-permission android:name="android.permission.ACCESS_WIFI_STATE" />
58-->src\main\AndroidManifest.xml:53:5-76
58-->src\main\AndroidManifest.xml:53:22-73
59    <uses-permission android:name="android.permission.ACCESS_NETWORK_STATE" /> <!-- Share - 腾讯微博分享 -->
59-->src\main\AndroidManifest.xml:21:5-79
59-->src\main\AndroidManifest.xml:21:22-76
60    <uses-permission android:name="android.permission.ACCESS_NETWORK_STATE" />
60-->src\main\AndroidManifest.xml:21:5-79
60-->src\main\AndroidManifest.xml:21:22-76
61    <uses-permission android:name="android.permission.ACCESS_WIFI_STATE" />
61-->src\main\AndroidManifest.xml:53:5-76
61-->src\main\AndroidManifest.xml:53:22-73
62    <uses-permission android:name="android.permission.CHANGE_WIFI_STATE" />
62-->src\main\AndroidManifest.xml:22:5-76
62-->src\main\AndroidManifest.xml:22:22-73
63    <uses-permission android:name="android.permission.ACCESS_COARSE_LOCATION" />
63-->src\main\AndroidManifest.xml:18:5-81
63-->src\main\AndroidManifest.xml:18:22-78
64    <uses-permission android:name="android.permission.ACCESS_FINE_LOCATION" />
64-->src\main\AndroidManifest.xml:19:5-79
64-->src\main\AndroidManifest.xml:19:22-76
65    <uses-permission android:name="android.permission.ACCESS_MOCK_LOCATION" /> <!-- Share - 微信分享 -->
65-->src\main\AndroidManifest.xml:60:5-79
65-->src\main\AndroidManifest.xml:60:22-76
66    <uses-permission android:name="android.permission.MODIFY_AUDIO_SETTINGS" /> <!-- Push(推送)   end -->
66-->src\main\AndroidManifest.xml:61:5-80
66-->src\main\AndroidManifest.xml:61:22-77
67    <!-- Speech(语音识别)  begin -->
68    <!-- Speech - 讯飞语音云 -->
69    <uses-permission android:name="android.permission.INTERNET" />
69-->src\main\AndroidManifest.xml:16:5-67
69-->src\main\AndroidManifest.xml:16:22-64
70    <uses-permission android:name="android.permission.WRITE_EXTERNAL_STORAGE" />
70-->src\main\AndroidManifest.xml:7:5-81
70-->src\main\AndroidManifest.xml:7:22-78
71    <uses-permission android:name="android.permission.RECORD_AUDIO" />
71-->src\main\AndroidManifest.xml:66:5-71
71-->src\main\AndroidManifest.xml:66:22-68
72    <uses-permission android:name="android.permission.ACCESS_NETWORK_STATE" />
72-->src\main\AndroidManifest.xml:21:5-79
72-->src\main\AndroidManifest.xml:21:22-76
73    <uses-permission android:name="android.permission.ACCESS_WIFI_STATE" />
73-->src\main\AndroidManifest.xml:53:5-76
73-->src\main\AndroidManifest.xml:53:22-73
74    <uses-permission android:name="android.permission.CHANGE_NETWORK_STATE" />
74-->src\main\AndroidManifest.xml:69:5-79
74-->src\main\AndroidManifest.xml:69:22-76
75    <uses-permission android:name="android.permission.READ_PHONE_STATE" /> <!-- Speech(语音识别)  end -->
75-->src\main\AndroidManifest.xml:23:5-75
75-->src\main\AndroidManifest.xml:23:22-72
76    <!-- Statistic(统计)  begin -->
77    <!-- Statistic - 友盟统计 -->
78    <uses-permission android:name="android.permission.READ_LOGS" />
78-->src\main\AndroidManifest.xml:25:5-68
78-->src\main\AndroidManifest.xml:25:22-65
79    <uses-permission android:name="android.permission.RECEIVE_BOOT_COMPLETED" />
79-->src\main\AndroidManifest.xml:74:5-81
79-->src\main\AndroidManifest.xml:74:22-78
80    <uses-permission android:name="android.permission.RECEIVE_USER_PRESENT" /> <!-- Statistic(统计)  end -->
80-->src\main\AndroidManifest.xml:75:5-79
80-->src\main\AndroidManifest.xml:75:22-76
81    <!-- 小米分享 -->
82    <uses-permission android:name="com.xiaomi.permission.AUTH_SERVICE" /> <!-- 蓝牙 ibeacon权限 -->
82-->src\main\AndroidManifest.xml:77:5-74
82-->src\main\AndroidManifest.xml:77:22-71
83    <uses-permission android:name="android.permission.ACCESS_COARSE_LOCATION" />
83-->src\main\AndroidManifest.xml:18:5-81
83-->src\main\AndroidManifest.xml:18:22-78
84    <uses-permission android:name="android.permission.ACCESS_FINE_LOCATION" />
84-->src\main\AndroidManifest.xml:19:5-79
84-->src\main\AndroidManifest.xml:19:22-76
85    <uses-permission android:name="android.permission.BLUETOOTH_ADMIN" />
85-->src\main\AndroidManifest.xml:80:5-74
85-->src\main\AndroidManifest.xml:80:22-71
86    <uses-permission android:name="android.permission.BLUETOOTH" /> <!-- 基座删除的部分权限 -->
86-->src\main\AndroidManifest.xml:81:5-68
86-->src\main\AndroidManifest.xml:81:22-65
87    <uses-permission android:name="android.permission.GET_TASKS" />
87-->src\main\AndroidManifest.xml:82:5-68
87-->src\main\AndroidManifest.xml:82:22-65
88    <uses-permission android:name="android.permission.CHANGE_NETWORK_STATE" />
88-->src\main\AndroidManifest.xml:69:5-79
88-->src\main\AndroidManifest.xml:69:22-76
89    <uses-permission android:name="android.permission.READ_CONTACTS" />
89-->src\main\AndroidManifest.xml:84:5-72
89-->src\main\AndroidManifest.xml:84:22-69
90    <uses-permission android:name="android.permission.ACCESS_WIFI_STATE" />
90-->src\main\AndroidManifest.xml:53:5-76
90-->src\main\AndroidManifest.xml:53:22-73
91
92    <uses-feature android:name="android.hardware.camera.autofocus" />
92-->src\main\AndroidManifest.xml:10:5-70
92-->src\main\AndroidManifest.xml:10:19-67
93
94    <uses-permission android:name="android.permission.WRITE_CONTACTS" />
94-->src\main\AndroidManifest.xml:89:5-73
94-->src\main\AndroidManifest.xml:89:22-70
95    <uses-permission android:name="android.permission.CAMERA" />
95-->src\main\AndroidManifest.xml:6:5-65
95-->src\main\AndroidManifest.xml:6:22-62
96    <uses-permission android:name="android.permission.GET_ACCOUNTS" />
96-->src\main\AndroidManifest.xml:91:5-71
96-->src\main\AndroidManifest.xml:91:22-68
97    <uses-permission android:name="android.permission.RECORD_AUDIO" />
97-->src\main\AndroidManifest.xml:66:5-71
97-->src\main\AndroidManifest.xml:66:22-68
98    <uses-permission android:name="android.permission.SEND_SMS" />
98-->src\main\AndroidManifest.xml:93:5-67
98-->src\main\AndroidManifest.xml:93:22-64
99    <uses-permission android:name="android.permission.READ_PHONE_STATE" />
99-->src\main\AndroidManifest.xml:23:5-75
99-->src\main\AndroidManifest.xml:23:22-72
100    <uses-permission android:name="android.permission.FLASHLIGHT" />
100-->src\main\AndroidManifest.xml:13:5-69
100-->src\main\AndroidManifest.xml:13:22-66
101
102    <uses-feature android:name="android.hardware.camera" />
102-->src\main\AndroidManifest.xml:9:5-60
102-->src\main\AndroidManifest.xml:9:19-57
103
104    <uses-permission android:name="android.permission.WRITE_SMS" />
104-->src\main\AndroidManifest.xml:99:5-68
104-->src\main\AndroidManifest.xml:99:22-65
105    <uses-permission android:name="android.permission.READ_SMS" />
105-->src\main\AndroidManifest.xml:100:5-67
105-->src\main\AndroidManifest.xml:100:22-64
106
107    <supports-screens
107-->[alipaysdk-noutdid-15.8.03.210428205839.aar] AndroidManifest.xml:7:5-12:39
108        android:anyDensity="true"
108-->[alipaysdk-noutdid-15.8.03.210428205839.aar] AndroidManifest.xml:8:9-34
109        android:largeScreens="true"
109-->[alipaysdk-noutdid-15.8.03.210428205839.aar] AndroidManifest.xml:9:9-36
110        android:normalScreens="true"
110-->[alipaysdk-noutdid-15.8.03.210428205839.aar] AndroidManifest.xml:10:9-37
111        android:resizeable="true"
111-->[alipaysdk-noutdid-15.8.03.210428205839.aar] AndroidManifest.xml:11:9-34
112        android:smallScreens="true" />
112-->[alipaysdk-noutdid-15.8.03.210428205839.aar] AndroidManifest.xml:12:9-36
113
114    <uses-permission android:name="android.permission.READ_EXTERNAL_STORAGE" /> <!-- 自定义权限 -->
115    <uses-permission android:name="getui.permission.GetuiService.io.dcloud.HelloH5" />
115-->[aps-unipush-release.aar] AndroidManifest.xml:10:5-86
115-->[aps-unipush-release.aar] AndroidManifest.xml:10:22-83
116
117    <permission
117-->[aps-unipush-release.aar] AndroidManifest.xml:12:5-14:44
118        android:name="getui.permission.GetuiService.io.dcloud.HelloH5"
118-->[aps-unipush-release.aar] AndroidManifest.xml:13:9-70
119        android:protectionLevel="normal" />
119-->[aps-unipush-release.aar] AndroidManifest.xml:14:9-41
120    <!--
121    <uses-permission
122        android:name="com.android.launcher.permission.UNINSTALL_SHORTCUT" />
123    -->
124    <!-- 华为修改角标需要设置权限 -->
125    <uses-permission android:name="com.huawei.android.launcher.permission.CHANGE_BADGE" /> <!-- vivo 修改角标需要设置权限 -->
125-->[lib.5plus.base-release.aar] AndroidManifest.xml:24:5-91
125-->[lib.5plus.base-release.aar] AndroidManifest.xml:24:22-88
126    <uses-permission android:name="com.vivo.notification.permission.BADGE_ICON" />
126-->[lib.5plus.base-release.aar] AndroidManifest.xml:26:5-83
126-->[lib.5plus.base-release.aar] AndroidManifest.xml:26:22-80
127
128    <queries>
128-->[lib.5plus.base-release.aar] AndroidManifest.xml:28:5-37:15
129        <intent>
129-->[lib.5plus.base-release.aar] AndroidManifest.xml:29:9-31:18
130            <action android:name="android.intent.action.MAIN" />
130-->src\main\AndroidManifest.xml:122:17-69
130-->src\main\AndroidManifest.xml:122:25-66
131        </intent>
132        <intent>
132-->[lib.5plus.base-release.aar] AndroidManifest.xml:32:9-36:18
133            <action android:name="android.intent.action.VIEW" />
133-->src\main\AndroidManifest.xml:169:17-69
133-->src\main\AndroidManifest.xml:169:25-66
134
135            <category android:name="android.intent.category.DEFAULT" />
135-->src\main\AndroidManifest.xml:171:17-76
135-->src\main\AndroidManifest.xml:171:27-73
136        </intent>
137
138        <package android:name="com.tencent.mobileqq" />
138-->[oauth-qq-release.aar] AndroidManifest.xml:10:9-56
138-->[oauth-qq-release.aar] AndroidManifest.xml:10:18-53
139        <package android:name="com.tencent.mm" />
139-->[oauth-weixin-release.aar] AndroidManifest.xml:10:9-50
139-->[oauth-weixin-release.aar] AndroidManifest.xml:10:18-47
140        <package android:name="com.eg.android.AlipayGphone" />
140-->[payment-alipay-release.aar] AndroidManifest.xml:10:9-63
140-->[payment-alipay-release.aar] AndroidManifest.xml:10:18-60
141        <package android:name="hk.alipay.wallet" />
141-->[payment-alipay-release.aar] AndroidManifest.xml:11:9-52
141-->[payment-alipay-release.aar] AndroidManifest.xml:11:18-49
142    </queries> <!-- 魅族 -->
143    <uses-permission android:name="com.meizu.flyme.push.permission.RECEIVE" />
143-->[mzp-3.0.2.aar] AndroidManifest.xml:12:5-79
143-->[mzp-3.0.2.aar] AndroidManifest.xml:12:22-76
144    <uses-permission android:name="com.meizu.c2dm.permission.RECEIVE" />
144-->[mzp-3.0.2.aar] AndroidManifest.xml:13:5-73
144-->[mzp-3.0.2.aar] AndroidManifest.xml:13:22-70
145    <uses-permission android:name="io.dcloud.HelloH5.push.permission.MESSAGE" />
145-->[mzp-3.0.2.aar] AndroidManifest.xml:14:5-80
145-->[mzp-3.0.2.aar] AndroidManifest.xml:14:22-77
146    <uses-permission android:name="io.dcloud.HelloH5.permission.C2D_MESSAGE" />
146-->[mzp-3.0.2.aar] AndroidManifest.xml:15:5-79
146-->[mzp-3.0.2.aar] AndroidManifest.xml:15:22-76
147
148    <permission
148-->[mzp-3.0.2.aar] AndroidManifest.xml:17:5-19:47
149        android:name="io.dcloud.HelloH5.push.permission.MESSAGE"
149-->[mzp-3.0.2.aar] AndroidManifest.xml:18:9-64
150        android:protectionLevel="signature" />
150-->[mzp-3.0.2.aar] AndroidManifest.xml:19:9-44
151    <permission
151-->[mzp-3.0.2.aar] AndroidManifest.xml:20:5-22:47
152        android:name="io.dcloud.HelloH5.permission.C2D_MESSAGE"
152-->[mzp-3.0.2.aar] AndroidManifest.xml:21:9-63
153        android:protectionLevel="signature" />
153-->[mzp-3.0.2.aar] AndroidManifest.xml:22:9-44
154
155    <uses-permission android:name="com.asus.msa.SupplementaryDID.ACCESS" />
155-->[oaid_sdk_1.0.25.aar] AndroidManifest.xml:13:5-76
155-->[oaid_sdk_1.0.25.aar] AndroidManifest.xml:13:22-73
156    <uses-permission android:name="freemme.permission.msa" />
156-->[oaid_sdk_1.0.25.aar] AndroidManifest.xml:15:5-62
156-->[oaid_sdk_1.0.25.aar] AndroidManifest.xml:15:22-59
157    <uses-permission android:name="com.coloros.mcs.permission.RECIEVE_MCS_MESSAGE" />
157-->[oppo-3.0.3.aar] AndroidManifest.xml:11:5-86
157-->[oppo-3.0.3.aar] AndroidManifest.xml:11:22-83
158    <uses-permission android:name="com.heytap.mcs.permission.RECIEVE_MCS_MESSAGE" />
158-->[oppo-3.0.3.aar] AndroidManifest.xml:12:5-85
158-->[oppo-3.0.3.aar] AndroidManifest.xml:12:22-82
159
160    <uses-feature android:glEsVersion="0x00020000" />
160-->[weex_gcanvas-release.aar] AndroidManifest.xml:11:5-54
160-->[weex_gcanvas-release.aar] AndroidManifest.xml:11:19-51
161
162    <permission
162-->[xmp-3.0.2.aar] AndroidManifest.xml:11:5-13:47
163        android:name="io.dcloud.HelloH5.permission.MIPUSH_RECEIVE"
163-->[xmp-3.0.2.aar] AndroidManifest.xml:12:9-66
164        android:protectionLevel="signature" />
164-->[xmp-3.0.2.aar] AndroidManifest.xml:13:9-44
165
166    <uses-permission android:name="io.dcloud.HelloH5.permission.MIPUSH_RECEIVE" />
166-->[xmp-3.0.2.aar] AndroidManifest.xml:15:5-82
166-->[xmp-3.0.2.aar] AndroidManifest.xml:15:22-79
167
168    <application
168-->src\main\AndroidManifest.xml:102:5-281:19
169        android:name="io.dcloud.application.DCloudApplication"
169-->src\main\AndroidManifest.xml:103:9-63
170        android:allowClearUserData="true"
170-->src\main\AndroidManifest.xml:104:9-42
171        android:appComponentFactory="androidx.core.app.CoreComponentFactory"
171-->[androidx.core:core:1.3.1] AndroidManifest.xml:24:18-86
172        android:debuggable="true"
172-->src\main\AndroidManifest.xml:105:9-34
173        android:extractNativeLibs="true"
173-->[uniapp-v8-release.aar] AndroidManifest.xml:29:18-50
174        android:icon="@drawable/icon"
174-->src\main\AndroidManifest.xml:106:9-38
175        android:label="@string/app_name"
175-->src\main\AndroidManifest.xml:107:9-41
176        android:largeHeap="true"
176-->src\main\AndroidManifest.xml:108:9-33
177        android:requestLegacyExternalStorage="true"
177-->[openDefault-10.10.0.aar] AndroidManifest.xml:15:9-52
178        android:supportsRtl="true"
178-->[lib.5plus.base-release.aar] AndroidManifest.xml:171:9-35
179        android:testOnly="true"
180        android:usesCleartextTraffic="true" >
180-->[aps-unipush-release.aar] AndroidManifest.xml:16:18-53
181        <activity
181-->src\main\AndroidManifest.xml:109:9-111:40
182            android:name="io.dcloud.HelloH5.TestActivity"
182-->src\main\AndroidManifest.xml:110:13-58
183            android:exported="false" />
183-->src\main\AndroidManifest.xml:111:13-37
184        <activity
184-->src\main\AndroidManifest.xml:112:9-126:20
185            android:name="io.dcloud.PandoraEntry"
185-->src\main\AndroidManifest.xml:113:13-50
186            android:configChanges="orientation|keyboardHidden|keyboard|navigation"
186-->src\main\AndroidManifest.xml:114:13-83
187            android:hardwareAccelerated="true"
187-->src\main\AndroidManifest.xml:115:13-47
188            android:label="@string/app_name"
188-->src\main\AndroidManifest.xml:116:13-45
189            android:launchMode="singleTask"
189-->src\main\AndroidManifest.xml:117:13-44
190            android:screenOrientation="user"
190-->src\main\AndroidManifest.xml:118:13-45
191            android:theme="@style/TranslucentTheme"
191-->src\main\AndroidManifest.xml:119:13-52
192            android:windowSoftInputMode="adjustResize" >
192-->src\main\AndroidManifest.xml:120:13-55
193            <intent-filter>
193-->src\main\AndroidManifest.xml:121:13-125:29
194                <action android:name="android.intent.action.MAIN" />
194-->src\main\AndroidManifest.xml:122:17-69
194-->src\main\AndroidManifest.xml:122:25-66
195
196                <category android:name="android.intent.category.LAUNCHER" />
196-->src\main\AndroidManifest.xml:124:17-77
196-->src\main\AndroidManifest.xml:124:27-74
197            </intent-filter>
198        </activity> <!-- Statistic(统计)-友盟统计 begin -->
199        <!-- 官方网站：http://www.umeng.com/analytics -->
200        <!-- meta-data节点android:name="UMENG_APPKEY"项中android:value值为友盟网站申请的APPKEY -->
201        <!-- meta-data节点android:name="UMENG_CHANNEL"项中android:value值为发行渠道标识，可任意取值，用于各种发行渠道效果统计 -->
202        <meta-data
202-->src\main\AndroidManifest.xml:130:9-132:40
203            android:name="UMENG_APPKEY"
203-->src\main\AndroidManifest.xml:131:13-40
204            android:value="友盟appkey" />
204-->src\main\AndroidManifest.xml:132:13-37
205        <meta-data
205-->src\main\AndroidManifest.xml:133:9-135:36
206            android:name="UMENG_CHANNEL"
206-->src\main\AndroidManifest.xml:134:13-41
207            android:value="友盟渠道" /> <!-- 友盟统计  配置  end -->
207-->src\main\AndroidManifest.xml:135:13-33
208        <provider
208-->src\main\AndroidManifest.xml:136:9-144:20
209            android:name="io.dcloud.common.util.DCloud_FileProvider"
209-->src\main\AndroidManifest.xml:137:13-69
210            android:authorities="com.android.HelloH5.dc.fileprovider"
210-->src\main\AndroidManifest.xml:138:13-70
211            android:exported="false"
211-->src\main\AndroidManifest.xml:139:13-37
212            android:grantUriPermissions="true" >
212-->src\main\AndroidManifest.xml:140:13-47
213            <meta-data
213-->src\main\AndroidManifest.xml:141:13-143:64
214                android:name="android.support.FILE_PROVIDER_PATHS"
214-->src\main\AndroidManifest.xml:142:17-67
215                android:resource="@xml/dcloud_file_provider" />
215-->src\main\AndroidManifest.xml:143:17-61
216        </provider> <!-- Maps(地图) begin -->
217        <!-- meta-data节点android:name="com.baidu.lbsapi.API_KEY"项中android:value值为百度地图应用的Appkey -->
218        <meta-data
218-->src\main\AndroidManifest.xml:146:9-148:37
219            android:name="com.baidu.lbsapi.API_KEY"
219-->src\main\AndroidManifest.xml:147:13-52
220            android:value="百度key" /> <!--  -->
220-->src\main\AndroidManifest.xml:148:13-34
221        <service
221-->src\main\AndroidManifest.xml:149:9-152:41
222            android:name="com.baidu.location.f"
222-->src\main\AndroidManifest.xml:150:13-48
223            android:enabled="true"
223-->src\main\AndroidManifest.xml:151:13-35
224            android:process=":remote" /> <!-- Maps(地图) end -->
224-->src\main\AndroidManifest.xml:152:13-38
225        <meta-data
225-->src\main\AndroidManifest.xml:153:9-155:37
226            android:name="com.amap.api.v2.apikey"
226-->src\main\AndroidManifest.xml:154:13-50
227            android:value="高德key" />
227-->src\main\AndroidManifest.xml:155:13-34
228
229        <service android:name="com.amap.api.location.APSService" /> <!-- Oauth 授权登陆 start -->
229-->src\main\AndroidManifest.xml:157:9-68
229-->src\main\AndroidManifest.xml:157:18-65
230        <!-- Oauth QQ start -->
231        <!-- QQ 分享 配置和授权登陆相同 -->
232        <meta-data
232-->src\main\AndroidManifest.xml:160:9-162:40
233            android:name="QQ_APPID"
233-->src\main\AndroidManifest.xml:161:13-36
234            android:value="QQ的appid" />
234-->src\main\AndroidManifest.xml:162:13-37
235
236        <activity
236-->src\main\AndroidManifest.xml:164:9-176:20
237            android:name="com.tencent.tauth.AuthActivity"
237-->src\main\AndroidManifest.xml:165:13-58
238            android:launchMode="singleTask"
238-->src\main\AndroidManifest.xml:166:13-44
239            android:noHistory="true" >
239-->src\main\AndroidManifest.xml:167:13-37
240            <intent-filter>
240-->src\main\AndroidManifest.xml:168:13-175:29
241                <action android:name="android.intent.action.VIEW" />
241-->src\main\AndroidManifest.xml:169:17-69
241-->src\main\AndroidManifest.xml:169:25-66
242
243                <category android:name="android.intent.category.DEFAULT" />
243-->src\main\AndroidManifest.xml:171:17-76
243-->src\main\AndroidManifest.xml:171:27-73
244                <category android:name="android.intent.category.BROWSABLE" />
244-->src\main\AndroidManifest.xml:172:17-78
244-->src\main\AndroidManifest.xml:172:27-75
245
246                <data android:scheme="QQ的appid" />
246-->src\main\AndroidManifest.xml:174:17-51
246-->src\main\AndroidManifest.xml:174:23-48
247            </intent-filter>
248        </activity>
249        <activity
249-->src\main\AndroidManifest.xml:177:9-180:75
250            android:name="com.tencent.connect.common.AssistActivity"
250-->src\main\AndroidManifest.xml:178:13-69
251            android:screenOrientation="portrait"
251-->src\main\AndroidManifest.xml:179:13-49
252            android:theme="@android:style/Theme.Translucent.NoTitleBar" /> <!-- Oauth QQ end -->
252-->src\main\AndroidManifest.xml:180:13-72
253        <!-- Oauth Sina start -->
254        <!-- Oauth Sina end -->
255        <!-- Oauth 授权登陆 end -->
256        <!-- Share(分享) begin -->
257        <!-- Share - 新浪微博分享 -->
258        <!-- 官方网站：http://open.weibo.com/ -->
259        <meta-data
259-->src\main\AndroidManifest.xml:187:9-189:39
260            android:name="SINA_REDIRECT_URI"
260-->src\main\AndroidManifest.xml:188:13-45
261            android:value="微博的回调地址" />
261-->src\main\AndroidManifest.xml:189:13-36
262        <meta-data
262-->src\main\AndroidManifest.xml:190:9-192:41
263            android:name="SINA_SECRET"
263-->src\main\AndroidManifest.xml:191:13-39
264            android:value="微博的secret" />
264-->src\main\AndroidManifest.xml:192:13-38
265        <meta-data
265-->src\main\AndroidManifest.xml:193:9-195:42
266            android:name="SINA_APPKEY"
266-->src\main\AndroidManifest.xml:194:13-39
267            android:value="_微博的appkey" /> <!-- 分享 -->
267-->src\main\AndroidManifest.xml:195:13-39
268        <!-- 微信分享 配置begin -->
269        <meta-data
269-->src\main\AndroidManifest.xml:197:9-199:41
270            android:name="WX_SECRET"
270-->src\main\AndroidManifest.xml:198:13-37
271            android:value="微信的secret" />
271-->src\main\AndroidManifest.xml:199:13-38
272        <meta-data
272-->src\main\AndroidManifest.xml:200:9-202:40
273            android:name="WX_APPID"
273-->src\main\AndroidManifest.xml:201:13-36
274            android:value="微信的appid" />
274-->src\main\AndroidManifest.xml:202:13-37
275
276        <activity
276-->src\main\AndroidManifest.xml:204:9-216:20
277            android:name="com.android.HelloH5.wxapi.WXEntryActivity"
277-->src\main\AndroidManifest.xml:205:13-50
278            android:exported="true"
278-->src\main\AndroidManifest.xml:206:13-36
279            android:label="@string/app_name"
279-->src\main\AndroidManifest.xml:207:13-45
280            android:launchMode="singleTop" >
280-->src\main\AndroidManifest.xml:208:13-43
281            <intent-filter>
281-->src\main\AndroidManifest.xml:209:13-215:29
282                <action android:name="android.intent.action.VIEW" />
282-->src\main\AndroidManifest.xml:169:17-69
282-->src\main\AndroidManifest.xml:169:25-66
283
284                <category android:name="android.intent.category.DEFAULT" />
284-->src\main\AndroidManifest.xml:171:17-76
284-->src\main\AndroidManifest.xml:171:27-73
285
286                <data android:scheme="微信的appid" />
286-->src\main\AndroidManifest.xml:174:17-51
286-->src\main\AndroidManifest.xml:174:23-48
287            </intent-filter>
288        </activity> <!-- 微信分享 配置 end -->
289        <!-- 微信支付配置 start -->
290        <activity
290-->src\main\AndroidManifest.xml:218:9-221:46
291            android:name="com.android.HelloH5.wxapi.WXPayEntryActivity"
291-->src\main\AndroidManifest.xml:219:13-53
292            android:exported="true"
292-->src\main\AndroidManifest.xml:220:13-36
293            android:launchMode="singleTop" />
293-->src\main\AndroidManifest.xml:221:13-43
294
295        <meta-data
295-->src\main\AndroidManifest.xml:200:9-202:40
296            android:name="WX_APPID"
296-->src\main\AndroidManifest.xml:201:13-36
297            android:value="微信的appid" /> <!-- 微信支付配置end -->
297-->src\main\AndroidManifest.xml:202:13-37
298        <!-- 小米分享 -->
299        <meta-data
299-->src\main\AndroidManifest.xml:227:9-229:45
300            android:name="MIUI_APPID"
300-->src\main\AndroidManifest.xml:228:13-38
301            android:value="_%小米分享的APPID%" />
301-->src\main\AndroidManifest.xml:229:13-42
302        <meta-data
302-->src\main\AndroidManifest.xml:230:9-232:48
303            android:name="MIUI_APPSECRET"
303-->src\main\AndroidManifest.xml:231:13-42
304            android:value="%小米分享的appSecret%" />
304-->src\main\AndroidManifest.xml:232:13-45
305        <meta-data
305-->src\main\AndroidManifest.xml:233:9-235:43
306            android:name="MIUI_REDIRECT_URI"
306-->src\main\AndroidManifest.xml:234:13-45
307            android:value="%小米分享的回调地址%" />
307-->src\main\AndroidManifest.xml:235:13-40
308
309        <activity android:name="com.xiaomi.account.openauth.AuthorizeActivity" /> <!-- 小米分享 end -->
309-->src\main\AndroidManifest.xml:237:9-82
309-->src\main\AndroidManifest.xml:237:19-79
310        <!--
311 Dcloud 开屏广告配置>
312        <meta-data android:name="DCLOUD_STREAMAPP_CHANNEL" android:value="io.dcloud.H57BCF8D2|H57BCF8D2|12331280401"></meta-data>
313        <meta-data android:name="DCLOUD_AD_ID" android:value="-553621487"></meta-data>
314        <meta-data android:name="DCLOUD_AD_SPLASH" android:value="true"></meta-data>
315        < Dcloud 开屏广告配置
316        -->
317        <!-- 百度语音识别 start -->
318        <meta-data
318-->src\main\AndroidManifest.xml:246:9-248:42
319            android:name="com.baidu.speech.APP_ID"